Mon Nov 25 14:46:48 2024
╒═════════════════════════════════════════════════════════════════════════════╕
│ NVITOP 1.3.2      Driver Version: 535.216.01      CUDA Driver Version: 12.2 │
├───────────────────────────────┬──────────────────────┬──────────────────────┤
│ GPU  Name        Persistence-M│ Bus-Id        Disp.A │ Volatile Uncorr. ECC │
│ Fan  Temp  Perf  Pwr:Usage/Cap│         Memory-Usage │ GPU-Util  Compute M. │
╞═══════════════════════════════╪══════════════════════╪══════════════════════╡
│   0  ..a V100-DGXS-32GB  On   │ 00000000:07:00.0 Off │                    0 │
│ N/A   53C    P0    80W / 300W │  19008MiB / 32.00GiB │     97%      Default │
├───────────────────────────────┼──────────────────────┼──────────────────────┤
│   1  ..a V100-DGXS-32GB  On   │ 00000000:08:00.0 Off │                    0 │
│ N/A   45C    P0    39W / 300W │   9.31MiB / 32.00GiB │      0%      Default │
├───────────────────────────────┼──────────────────────┼──────────────────────┤
│   2  ..a V100-DGXS-32GB  On   │ 00000000:0E:00.0 Off │                    0 │
│ N/A   55C    P0   268W / 300W │   7327MiB / 32.00GiB │     99%      Default │
├───────────────────────────────┼──────────────────────┼──────────────────────┤
│   3  ..a V100-DGXS-32GB  On   │ 00000000:0F:00.0 Off │                    0 │
│ N/A   46C    P0    39W / 300W │   9.31MiB / 32.00GiB │      0%      Default │
╘═══════════════════════════════╧══════════════════════╧══════════════════════╛
[ CPU: ████▎ 14.6%     UPTIME: 21.1 days ]  ( Load Average:  5.05  5.22  5.00 )
[ MEM: █▋ 5.4%            USED: 11.16GiB ]  [ SWP: ▏ 0.0%                     ]

╒═════════════════════════════════════════════════════════════════════════════╕
│ Processes:                                                   tuccio@asteria │
│ GPU     PID      USER  GPU-MEM %SM  %CPU  %MEM       TIME  COMMAND          │
╞═════════════════════════════════════════════════════════════════════════════╡
│   0 4051231 G     gdm 86.71MiB   0   0.0   0.0   94:19:37  /usr/lib/xorg/.. │
│   0 4051261 G     gdm 12.51MiB   0   0.0   0.1   94:19:36  /usr/bin/gnome.. │
│   0 2290695 C  renard 376.0MiB   0 111.1   1.7      17:55  python3 main.py  │
│   0  706170 C  tuccio 848.0MiB   0   0.0   0.2  12.8 days  python generat.. │
│   0  706318 C  tuccio  5184MiB   0 116.9   1.2  12.8 days  /home/tuccio/x.. │
│   0  706319 C  tuccio  9326MiB  16 113.8   1.2  12.8 days  /home/tuccio/x.. │
│   0  706320 C  tuccio  3168MiB  80   0.0   1.2  12.8 days  /home/tuccio/x.. │
├─────────────────────────────────────────────────────────────────────────────┤
│   1 4051231 G     gdm  4.46MiB   0   0.0   0.0   94:19:37  /usr/lib/xorg/.. │
├─────────────────────────────────────────────────────────────────────────────┤
│   2 4051231 G     gdm  4.46MiB   0   0.0   0.0   94:19:37  /usr/lib/xorg/.. │
│   2 2290695 C  renard  7318MiB  98   0.0   1.7      17:55  python3 main.py  │
├─────────────────────────────────────────────────────────────────────────────┤
│   3 4051231 G     gdm  4.46MiB   0   0.0   0.0   94:19:37  /usr/lib/xorg/.. │
╘═════════════════════════════════════════════════════════════════════════════╛
